Using backend: pytorch
pe shape torch.Size([512, 8])
2021-09-03 15:27:21 is time run !
Namespace(batch_size=800, deep_path=10, dim=64, dropout=0.1, epochs=21, gnn_function='GRU_POSGAT', lr=0.001, model_path='GRU_POSGAT_d64_p10_t5', weight_decay=1e-05)

lv_path 1 embed ['118787', '64']
lv_path 2 embed ['724809', '64']
lv_path 3 embed ['2563901', '64']
lv_path 4 embed ['4723808', '64']
make ONAN Layer
make pos GAT Layer
make ONAN Layer
make pos GAT Layer
make ONAN Layer
make pos GAT Layer
make ONAN Layer
make pos GAT Layer
the first layer base gnn aggreator GRU_POSGAT
2021-09-03 15:32:27start read dataset
Loading data/tmp/xy_xgb.pkl
load random walk generate edges 2021-09-03 15:32:43

---------------------------------
2021-09-03 15:48:52 epoch 0 train
2021-09-03 15:49:19: 0 epoch 0 index,loss:  0.7013153433799744
2021-09-03 16:36:47: 0 epoch 100 index,loss:  0.4186810851097107
[0. 0. 0. 0. 0. 0. 0. 1. 0. 1.]
[0.64626825 0.43967885 0.43200263 0.08592974 0.06144176 0.4060092
 0.3904201  0.66913587 0.21915048 0.73400974]
2021-09-03 17:24:19: 0 epoch 200 index,loss:  0.37158453464508057
2021-09-03 18:11:55: 0 epoch 300 index,loss:  0.3569949269294739
2021-09-03 18:40:31: 0 epoch loss  148.01725366711617
2021-09-03 18:40:31 start evaluate
2021-09-03 18:48:32 Valid Pre: 0.6920828258221681 Rec: 0.7553842063281042 F1: 0.7223493516399695 best Th: 0.4


---------------------------------
2021-09-03 18:48:39 epoch 1 train
2021-09-03 18:49:07: 1 epoch 0 index,loss:  0.30017325282096863
2021-09-03 19:36:24: 1 epoch 100 index,loss:  0.30526429414749146
2021-09-03 20:23:34: 1 epoch 200 index,loss:  0.32335028052330017
2021-09-03 21:10:32: 1 epoch 300 index,loss:  0.3154022991657257
2021-09-03 21:38:59: 1 epoch loss  114.35997372865677
2021-09-03 21:38:59 start evaluate
2021-09-03 21:46:59 Valid Pre: 0.7225419664268585 Rec: 0.800265604249668 F1: 0.7594202898550725 best Th: 0.49


---------------------------------
2021-09-03 21:47:06 epoch 2 train
2021-09-03 21:47:37: 2 epoch 0 index,loss:  0.28454887866973877
2021-09-03 22:34:34: 2 epoch 100 index,loss:  0.2578898072242737
2021-09-03 23:21:46: 2 epoch 200 index,loss:  0.29448825120925903
2021-09-04 00:08:52: 2 epoch 300 index,loss:  0.2761974334716797
2021-09-04 00:37:12: 2 epoch loss  102.39863108098507
2021-09-04 00:37:12 start evaluate
2021-09-04 00:45:12 Valid Pre: 0.770138017565872 Rec: 0.7988027069234773 F1: 0.7842085090072823 best Th: 0.5


---------------------------------
2021-09-04 00:45:19 epoch 3 train
2021-09-04 00:45:47: 3 epoch 0 index,loss:  0.24900935590267181
2021-09-04 01:32:52: 3 epoch 100 index,loss:  0.27805396914482117
2021-09-04 02:19:56: 3 epoch 200 index,loss:  0.278261661529541
2021-09-04 03:07:01: 3 epoch 300 index,loss:  0.24907998740673065
2021-09-04 03:35:25: 3 epoch loss  94.82124166190624
2021-09-04 03:35:25 start evaluate
2021-09-04 03:43:23 Valid Pre: 0.7978968966401642 Rec: 0.8040837425691393 F1: 0.8009783728115345 best Th: 0.5


---------------------------------
2021-09-04 03:43:30 epoch 4 train
2021-09-04 03:43:58: 4 epoch 0 index,loss:  0.2700621485710144
2021-09-04 04:31:10: 4 epoch 100 index,loss:  0.2634570896625519
2021-09-04 05:18:31: 4 epoch 200 index,loss:  0.2309861183166504
2021-09-04 06:05:28: 4 epoch 300 index,loss:  0.25552111864089966
2021-09-04 06:33:58: 4 epoch loss  89.29931311309338
2021-09-04 06:33:58 start evaluate
2021-09-04 06:41:58 Valid Pre: 0.8064931718629219 Rec: 0.8161668839634941 F1: 0.8113011923276308 best Th: 0.47000000000000003


---------------------------------
2021-09-04 06:42:05 epoch 5 train
2021-09-04 06:42:34: 5 epoch 0 index,loss:  0.2275604009628296
2021-09-04 07:29:36: 5 epoch 100 index,loss:  0.2338235080242157
[0. 1. 0. 1. 0. 0. 1. 0. 0. 0.]
[1.8497224e-01 4.4061568e-01 1.4746150e-01 3.0821437e-01 2.9035628e-01
 4.0040126e-05 9.8251003e-01 7.4403703e-02 2.0276082e-03 1.4629444e-05]
2021-09-04 08:16:41: 5 epoch 200 index,loss:  0.17659279704093933
2021-09-04 09:03:39: 5 epoch 300 index,loss:  0.22606199979782104
2021-09-04 09:32:04: 5 epoch loss  84.76320697367191
2021-09-04 09:32:04 start evaluate
2021-09-04 09:40:02 Valid Pre: 0.7985462097611631 Rec: 0.8379188232089348 F1: 0.8177588727901103 best Th: 0.46


---------------------------------
2021-09-04 09:40:10 epoch 6 train
2021-09-04 09:40:40: 6 epoch 0 index,loss:  0.2253641039133072
2021-09-04 10:27:41: 6 epoch 100 index,loss:  0.25153452157974243
2021-09-04 11:15:05: 6 epoch 200 index,loss:  0.23887808620929718
2021-09-04 12:01:59: 6 epoch 300 index,loss:  0.22186827659606934
2021-09-04 12:30:58: 6 epoch loss  80.88787703216076
2021-09-04 12:30:58 start evaluate
2021-09-04 12:39:14 Valid Pre: 0.8260983951591686 Rec: 0.8315677966101694 F1: 0.8288240728520522 best Th: 0.4


---------------------------------
2021-09-04 12:39:21 epoch 7 train
2021-09-04 12:39:51: 7 epoch 0 index,loss:  0.21402551233768463
2021-09-04 13:27:51: 7 epoch 100 index,loss:  0.2145158350467682
2021-09-04 14:15:03: 7 epoch 200 index,loss:  0.21822619438171387
2021-09-04 15:02:28: 7 epoch 300 index,loss:  0.20238524675369263
2021-09-04 15:30:59: 7 epoch loss  77.61690548062325
2021-09-04 15:30:59 start evaluate
2021-09-04 15:39:05 Valid Pre: 0.8298091799896854 Rec: 0.8484049564988136 F1: 0.8390040411941078 best Th: 0.46


---------------------------------
2021-09-04 15:39:12 epoch 8 train
2021-09-04 15:39:40: 8 epoch 0 index,loss:  0.2138398289680481
2021-09-04 16:27:14: 8 epoch 100 index,loss:  0.18215437233448029
2021-09-04 17:14:32: 8 epoch 200 index,loss:  0.20014110207557678
2021-09-04 18:01:54: 8 epoch 300 index,loss:  0.22193269431591034
2021-09-04 18:30:11: 8 epoch loss  74.91659830510616
2021-09-04 18:30:11 start evaluate
2021-09-04 18:38:13 Valid Pre: 0.832304802790448 Rec: 0.8447712418300654 F1: 0.8384916880659548 best Th: 0.49


---------------------------------
2021-09-04 18:38:13 epoch 9 train
2021-09-04 18:38:41: 9 epoch 0 index,loss:  0.18237270414829254
2021-09-04 19:25:46: 9 epoch 100 index,loss:  0.23844672739505768
2021-09-04 20:12:48: 9 epoch 200 index,loss:  0.19310271739959717
2021-09-04 20:59:55: 9 epoch 300 index,loss:  0.21866236627101898
2021-09-04 21:28:15: 9 epoch loss  72.24236489832401
2021-09-04 21:28:15 start evaluate
2021-09-04 21:36:16 Valid Pre: 0.8401008827238335 Rec: 0.8665452653485952 F1: 0.8531181969522347 best Th: 0.45


---------------------------------
2021-09-04 21:36:23 epoch 10 train
2021-09-04 21:36:54: 10 epoch 0 index,loss:  0.19098998606204987
2021-09-04 22:23:59: 10 epoch 100 index,loss:  0.20042143762111664
[0. 1. 1. 0. 0. 0. 0. 1. 0. 1.]
[9.3950455e-08 4.5822081e-01 7.4197489e-01 1.4567738e-02 9.1950847e-03
 4.6287244e-04 2.4479635e-01 9.1041398e-01 2.7973939e-02 1.8288915e-01]
2021-09-04 23:11:21: 10 epoch 200 index,loss:  0.18043740093708038
2021-09-04 23:58:42: 10 epoch 300 index,loss:  0.20402950048446655
2021-09-05 00:27:17: 10 epoch loss  70.05121560394764
2021-09-05 00:27:17 start evaluate
2021-09-05 00:35:19 Valid Pre: 0.8386686991869918 Rec: 0.8732804232804233 F1: 0.8556246759979265 best Th: 0.43


---------------------------------
2021-09-05 00:35:26 epoch 11 train
2021-09-05 00:35:54: 11 epoch 0 index,loss:  0.1733129322528839
2021-09-05 01:23:18: 11 epoch 100 index,loss:  0.20408490300178528
2021-09-05 02:10:45: 11 epoch 200 index,loss:  0.19134609401226044
2021-09-05 02:57:55: 11 epoch 300 index,loss:  0.1589207798242569
2021-09-05 03:26:21: 11 epoch loss  67.92683278024197
2021-09-05 03:26:21 start evaluate
2021-09-05 03:34:21 Valid Pre: 0.8647228789072761 Rec: 0.8617801047120419 F1: 0.8632489838730825 best Th: 0.58


---------------------------------
2021-09-05 03:34:29 epoch 12 train
2021-09-05 03:34:59: 12 epoch 0 index,loss:  0.17972877621650696
2021-09-05 04:22:09: 12 epoch 100 index,loss:  0.1920032650232315
2021-09-05 05:09:18: 12 epoch 200 index,loss:  0.1910519152879715
2021-09-05 05:56:23: 12 epoch 300 index,loss:  0.18793602287769318
2021-09-05 06:24:48: 12 epoch loss  65.58425818383694
2021-09-05 06:24:48 start evaluate
2021-09-05 06:32:48 Valid Pre: 0.8765398302764851 Rec: 0.8459709379128137 F1: 0.8609841355203012 best Th: 0.6


---------------------------------
2021-09-05 06:32:48 epoch 13 train
2021-09-05 06:33:15: 13 epoch 0 index,loss:  0.15550801157951355
2021-09-05 07:20:20: 13 epoch 100 index,loss:  0.16835594177246094
2021-09-05 08:07:23: 13 epoch 200 index,loss:  0.17660382390022278
2021-09-05 08:54:36: 13 epoch 300 index,loss:  0.1733580231666565
2021-09-05 09:22:56: 13 epoch loss  63.94935102760792
2021-09-05 09:22:56 start evaluate
2021-09-05 09:30:56 Valid Pre: 0.8776439089692102 Rec: 0.8556512659879927 F1: 0.866508062384351 best Th: 0.52


---------------------------------
2021-09-05 09:31:03 epoch 14 train
2021-09-05 09:31:32: 14 epoch 0 index,loss:  0.1853102296590805
2021-09-05 10:18:37: 14 epoch 100 index,loss:  0.13955102860927582
2021-09-05 11:05:43: 14 epoch 200 index,loss:  0.17431281507015228
2021-09-05 11:52:41: 14 epoch 300 index,loss:  0.1851659119129181
2021-09-05 12:21:10: 14 epoch loss  61.928869783878326
2021-09-05 12:21:10 start evaluate
2021-09-05 12:29:13 Valid Pre: 0.8737281502739369 Rec: 0.8843411671507789 F1: 0.879002624671916 best Th: 0.43


---------------------------------
2021-09-05 12:29:22 epoch 15 train
2021-09-05 12:29:50: 15 epoch 0 index,loss:  0.14517778158187866
2021-09-05 13:17:16: 15 epoch 100 index,loss:  0.14758072793483734
[0. 0. 0. 0. 0. 1. 0. 0. 1. 0.]
[9.3636233e-03 3.0047948e-02 2.8426933e-07 1.9937094e-26 4.6457255e-01
 9.8522055e-01 2.5441826e-04 6.1087002e-04 9.7617871e-01 5.7910100e-02]
2021-09-05 14:04:41: 15 epoch 200 index,loss:  0.18964995443820953
2021-09-05 14:52:01: 15 epoch 300 index,loss:  0.15654081106185913
2021-09-05 15:20:38: 15 epoch loss  60.16069878637791
2021-09-05 15:20:38 start evaluate
2021-09-05 15:28:39 Valid Pre: 0.8663329161451815 Rec: 0.8899460015428131 F1: 0.8779807204464739 best Th: 0.55


---------------------------------
2021-09-05 15:28:39 epoch 16 train
2021-09-05 15:29:10: 16 epoch 0 index,loss:  0.1397530734539032
2021-09-05 16:16:34: 16 epoch 100 index,loss:  0.15114673972129822
2021-09-05 17:03:51: 16 epoch 200 index,loss:  0.18097493052482605
2021-09-05 17:51:02: 16 epoch 300 index,loss:  0.152865469455719
2021-09-05 18:19:23: 16 epoch loss  58.56174028664827
2021-09-05 18:19:23 start evaluate
2021-09-05 18:27:24 Valid Pre: 0.8916129032258064 Rec: 0.8798064680417622 F1: 0.8856703409382211 best Th: 0.49


---------------------------------
2021-09-05 18:27:31 epoch 17 train
2021-09-05 18:27:59: 17 epoch 0 index,loss:  0.12847569584846497
2021-09-05 19:14:58: 17 epoch 100 index,loss:  0.13600437343120575
2021-09-05 20:02:09: 17 epoch 200 index,loss:  0.13578125834465027
2021-09-05 20:50:02: 17 epoch 300 index,loss:  0.17689938843250275
2021-09-05 21:19:01: 17 epoch loss  56.676433742046356
2021-09-05 21:19:01 start evaluate
2021-09-05 21:27:12 Valid Pre: 0.881933438985737 Rec: 0.8740837696335079 F1: 0.8779910596897187 best Th: 0.52


---------------------------------
2021-09-05 21:27:12 epoch 18 train
2021-09-05 21:27:40: 18 epoch 0 index,loss:  0.13834592700004578
2021-09-05 22:15:51: 18 epoch 100 index,loss:  0.12724922597408295
2021-09-05 23:04:06: 18 epoch 200 index,loss:  0.18139030039310455
2021-09-05 23:52:14: 18 epoch 300 index,loss:  0.15721823275089264
2021-09-06 00:21:19: 18 epoch loss  55.6098947301507
2021-09-06 00:21:19 start evaluate
2021-09-06 00:29:35 Valid Pre: 0.8885962602054254 Rec: 0.8951976651631732 F1: 0.8918847475548507 best Th: 0.49


---------------------------------
2021-09-06 00:29:42 epoch 19 train
2021-09-06 00:30:11: 19 epoch 0 index,loss:  0.15360334515571594
2021-09-06 01:18:26: 19 epoch 100 index,loss:  0.15548470616340637
2021-09-06 02:06:38: 19 epoch 200 index,loss:  0.14068453013896942
2021-09-06 02:54:56: 19 epoch 300 index,loss:  0.16837768256664276
2021-09-06 03:24:02: 19 epoch loss  54.23138269782066
2021-09-06 03:24:02 start evaluate
2021-09-06 03:32:16 Valid Pre: 0.9238830667402096 Rec: 0.8687759336099585 F1: 0.8954824913124834 best Th: 0.5700000000000001


---------------------------------
2021-09-06 03:32:24 epoch 20 train
2021-09-06 03:32:53: 20 epoch 0 index,loss:  0.11689983308315277
2021-09-06 04:21:10: 20 epoch 100 index,loss:  0.14117734134197235
[0. 0. 1. 0. 0. 1. 0. 0. 0. 0.]
[3.7918505e-03 1.1870318e-06 1.6348402e-01 9.3887076e-02 5.8655962e-11
 8.3220208e-01 3.1953766e-03 4.9244943e-03 3.6797113e-10 1.1831559e-02]
2021-09-06 05:09:23: 20 epoch 200 index,loss:  0.1788378357887268
2021-09-06 05:57:42: 20 epoch 300 index,loss:  0.1469944417476654
2021-09-06 06:26:41: 20 epoch loss  52.81046450138092
2021-09-06 06:26:41 start evaluate
2021-09-06 06:34:51 Valid Pre: 0.912199124726477 Rec: 0.8785563751317176 F1: 0.8950617283950617 best Th: 0.52

2021-09-06 06:34:51 start test
th,P,R,F1 0.0 0.06334587554269175 0.7115547174718773 0.11633506795868791
th,P,R,F1 0.01 0.14012749646052355 0.6913787818267954 0.2330257277259884
th,P,R,F1 0.02 0.15626632130952633 0.6837059812545865 0.2543898607652468
th,P,R,F1 0.03 0.16822089061648832 0.6769713802680836 0.2694788687345276
th,P,R,F1 0.04 0.17837440416859932 0.6715836994788812 0.2818805814776332
th,P,R,F1 0.05 0.1872552472638568 0.6667162085589812 0.2923894180239048
th,P,R,F1 0.06 0.19503664588788222 0.6614864425515313 0.30125071652329155
th,P,R,F1 0.07 0.2026161383895973 0.6572691889682591 0.309746755094447
th,P,R,F1 0.08 0.20966938128732107 0.6526525038782013 0.3173785776235907
th,P,R,F1 0.09 0.2163496096170529 0.6486488997055354 0.32447440016913986
th,P,R,F1 0.1 0.22293208340690562 0.6450354379348462 0.3313467163559496
th,P,R,F1 0.11 0.22911134420309098 0.6411618812295059 0.33758929073626187
th,P,R,F1 0.12 0.23521690554036176 0.6375391303540078 0.34364696486822766
th,P,R,F1 0.13 0.24105918606787952 0.6336377063342405 0.34925055999999993
th,P,R,F1 0.14 0.24677763986007623 0.6297548605240912 0.3546004696972074
th,P,R,F1 0.15 0.25233641360511616 0.6260206403908856 0.3596892687782371
th,P,R,F1 0.16 0.25800963118934794 0.6226115389259937 0.36483286794363073
th,P,R,F1 0.17 0.2634373739690171 0.6189051861072149 0.3695679305094476
th,P,R,F1 0.18 0.2689162633579108 0.6152452788124808 0.3742516577247004
th,P,R,F1 0.19 0.2746036045421398 0.612133428701476 0.3791294142013877
th,P,R,F1 0.2 0.2800235830919484 0.6088450855991008 0.38361343677114823
th,P,R,F1 0.21 0.28531287339317835 0.6055381642871076 0.38787143146144965
th,P,R,F1 0.22 0.2906209074110619 0.6019154134116095 0.3919822634649761
th,P,R,F1 0.23 0.2957721896888276 0.5981904823832127 0.395828851366718
th,P,R,F1 0.24 0.3011133698496057 0.5944005276211531 0.39973013577543803
th,P,R,F1 0.25 0.30615603765231286 0.5909542697370255 0.40334887731455804
th,P,R,F1 0.26 0.3112388953928793 0.587749528577931 0.40696967650435606
th,P,R,F1 0.27 0.3161550718008776 0.5842846924841854 0.4102985590627711
th,P,R,F1 0.28 0.32098746419441276 0.5808384346000576 0.4134763849167645
th,P,R,F1 0.29 0.32579975464754174 0.5772714183534133 0.416522843575213
th,P,R,F1 0.3 0.3302275827026449 0.5735186200105896 0.41912578321759025
th,P,R,F1 0.31 0.33484291279723255 0.5700537839168439 0.4218790280723343
th,P,R,F1 0.32 0.33944203596213457 0.5665796587182893 0.42453939904364835
th,P,R,F1 0.33 0.34426173696932555 0.5635885669698011 0.42743165510706577
th,P,R,F1 0.34 0.3488368060572783 0.5606346316405488 0.43007396639445894
th,P,R,F1 0.35000000000000003 0.3532494758909853 0.557216241070848 0.4323860667111167
th,P,R,F1 0.36 0.35806709217217964 0.5539557652828997 0.4349744711889132
th,P,R,F1 0.37 0.36246158358129615 0.5510575645825012 0.4372917588087866
th,P,R,F1 0.38 0.3666173232656209 0.5475369938599017 0.43917431295193177
th,P,R,F1 0.39 0.3708406083149877 0.5445366130066046 0.441208900797429
th,P,R,F1 0.4 0.37524941106805865 0.5415640994677343 0.443321585132633
th,P,R,F1 0.41000000000000003 0.3794870787840704 0.5385358513000102 0.44523375251991937
th,P,R,F1 0.42 0.3837292920683961 0.5353311101409157 0.44702660983489567
th,P,R,F1 0.43 0.3878810851789679 0.5323028619731917 0.44875856047049795
th,P,R,F1 0.44 0.3921336644219592 0.5295532869497367 0.4505991337064087
th,P,R,F1 0.45 0.3962596567273744 0.5264971714675857 0.45218757978044416
th,P,R,F1 0.46 0.40049892680985344 0.5234503450902437 0.45379396428499524
th,P,R,F1 0.47000000000000003 0.4047613888347165 0.5205428552850362 0.4554083705810646
th,P,R,F1 0.48 0.40884545401185657 0.5176260763750198 0.45684958741376275
th,P,R,F1 0.49 0.41297721869899917 0.5147743211986661 0.45829095028985867
th,P,R,F1 0.5 0.41717085286344946 0.511755362135751 0.4596477468983872
th,P,R,F1 0.51 0.4213850995237326 0.5087364030728359 0.460959002112599
th,P,R,F1 0.52 0.42538048064002 0.5057638895339656 0.46210253385331573
th,P,R,F1 0.53 0.42960323192558314 0.5027913759950954 0.46332485897468817
th,P,R,F1 0.54 0.43358587893930844 0.4997073931985175 0.46430436339940356
th,P,R,F1 0.55 0.437624750499002 0.49693923996544453 0.46539972248441697
th,P,R,F1 0.56 0.44180056828567155 0.4939574373217653 0.46642545446571493
th,P,R,F1 0.5700000000000001 0.4459012520670919 0.4909291891540412 0.4673331063724428
th,P,R,F1 0.58 0.45033299904857416 0.4880402775584517 0.46842902995720404
th,P,R,F1 0.59 0.45459926188984057 0.4851513659628622 0.46937867628886365
th,P,R,F1 0.6 0.45892378822302177 0.48222529794803676 0.4702860870037867
th,P,R,F1 0.61 0.46322360443705934 0.4790670023129871 0.4710121102526166
th,P,R,F1 0.62 0.46755284693775145 0.476048043250072 0.4717622041590338
th,P,R,F1 0.63 0.4720151329698453 0.4728525911957865 0.47243349095347037
th,P,R,F1 0.64 0.47630173250303826 0.469638560931883 0.47294667913938265
th,P,R,F1 0.65 0.4805761592573097 0.46643381977278847 0.47339939096248673
th,P,R,F1 0.66 0.48515419787917113 0.46323836771850296 0.47394306296716926
th,P,R,F1 0.67 0.4895857017170988 0.4600522047690264 0.47435971112771297
th,P,R,F1 0.68 0.4940722581682273 0.4568010180858871 0.4747061804667327
th,P,R,F1 0.6900000000000001 0.498385712534227 0.4531225325815351 0.47467753942266055
th,P,R,F1 0.7000000000000001 0.5031706759257334 0.4496112509637446 0.4748855759466659
th,P,R,F1 0.71 0.5076651255303166 0.44572840515359535 0.47468492174979715
th,P,R,F1 0.72 0.5127881921999569 0.4421335215925241 0.4748469868760381
th,P,R,F1 0.73 0.5178436172431584 0.43820423025833 0.4747069182389937
th,P,R,F1 0.74 0.5231501708396348 0.4337919054740695 0.47429894676972145
th,P,R,F1 0.75 0.5283920143531374 0.4295096281571345 0.47384709981553597
th,P,R,F1 0.76 0.5339069002902809 0.4254224220411879 0.4735307498242277
th,P,R,F1 0.77 0.5391180146402428 0.42074071321746725 0.4726297556190914
th,P,R,F1 0.78 0.5443322792507905 0.41573388572543263 0.4714203704581483
th,P,R,F1 0.79 0.550260795956729 0.41060629987088143 0.4702847050812835
th,P,R,F1 0.8 0.5564774103103295 0.40559947237884686 0.46920770693860886
th,P,R,F1 0.81 0.5634609862427232 0.4010013654984069 0.4685483564610049
th,P,R,F1 0.8200000000000001 0.5701533684858542 0.39574373217653014 0.4672021932830706
th,P,R,F1 0.8300000000000001 0.5776318139969494 0.3904768097498444 0.46596388547105183
th,P,R,F1 0.84 0.5843770739490814 0.3844296025192052 0.46377022726253975
th,P,R,F1 0.85 0.5922928261090687 0.3786332011184082 0.4619543043655651
th,P,R,F1 0.86 0.6001617323329889 0.37227945342907304 0.4595195780542338
th,P,R,F1 0.87 0.6086768164376779 0.36543338318486246 0.4566851438024204
th,P,R,F1 0.88 0.6181198168486439 0.3586430475695057 0.4539164682714634
th,P,R,F1 0.89 0.628485956456706 0.3512767874559929 0.45066528425781927
th,P,R,F1 0.9 0.6395316613551337 0.34299090596639203 0.44651095296543303
th,P,R,F1 0.91 0.651147612313717 0.3336274883189507 0.4411986905061698
th,P,R,F1 0.92 0.6631313902029605 0.3229264395790178 0.43434097340654815
th,P,R,F1 0.93 0.6771804883970299 0.3109156270610201 0.42616501145912905
th,P,R,F1 0.9400000000000001 0.6926838768311947 0.2973535340399246 0.4160893244771425
th,P,R,F1 0.9500000000000001 0.7111686477580322 0.28066101269820626 0.40248304892831926
th,P,R,F1 0.96 0.733300410666944 0.2620735139754582 0.38614356005392575
th,P,R,F1 0.97 0.7590497737556561 0.23685359441910583 0.36104640872243265
th,P,R,F1 0.98 0.7908272145259884 0.20309698754331046 0.3231929046563193
th,P,R,F1 0.99 0.8323845994618091 0.14941525085227536 0.2533529694354095
2021-09-06 17:20:39 Test Pre: 0.5031706759257334 Rec: 0.4496112509637446 F1: 0.4748855759466659 bth: 0.7000000000000001


